Content-Type: text/plain; charset="utf-8"
MIME-Version: 1.0
Content-Transfer-Encoding: 7bit
Subject: A session is cancelled
From: admin@tutoria.com
To: sywong54@hku.hk
Date: Sun, 19 Nov 2017 03:37:16 -0000
Message-ID: <20171119033716.2568.77999@FishYing>

Dear Second Tutor,
A session from 20:00:00 to 21:00:00 is cancelled. Go to Tutoria Homapage to check it out.
-------------------------------------------------------------------------------
Content-Type: text/plain; charset="utf-8"
MIME-Version: 1.0
Content-Transfer-Encoding: 7bit
Subject: A session is cancelled
From: admin@tutoria.com
To: sywong54@hku.hk
Date: Sun, 19 Nov 2017 03:37:16 -0000
Message-ID: <20171119033716.2568.34941@FishYing>

Dear First Student,
A session from 20:00:00 to 21:00:00 is cancelled. Go to Tutoria Homapage to check it out.
-------------------------------------------------------------------------------
