Content-Type: text/plain; charset="utf-8"
MIME-Version: 1.0
Content-Transfer-Encoding: 7bit
Subject: A session is cancelled
From: admin@tutoria.com
To: kitty@abc.com
Date: Sat, 25 Nov 2017 09:46:30 -0000
Message-ID: <20171125094630.42875.62546@nvs-macbook.local>

Dear Kitty Chan,
A session booked by Raymond Chan from 2017-11-27 09:00:00+00:00 to 2017-11-27 10:00:00+00:00 is cancelled. Go to Tutoria Homepage to check it out.
Tutoria
-------------------------------------------------------------------------------
Content-Type: text/plain; charset="utf-8"
MIME-Version: 1.0
Content-Transfer-Encoding: 7bit
Subject: A session is cancelled
From: admin@tutoria.com
To: raymond@abc.com
Date: Sat, 25 Nov 2017 09:46:30 -0000
Message-ID: <20171125094630.42875.90595@nvs-macbook.local>

Dear Raymond Chan,
A session taught by Kitty Chan from 2017-11-27 09:00:00+00:00 to 2017-11-27 10:00:00+00:00 is cancelled. Your wallet value now is: $895.0. Go to Tutoria Homapage to check it out.
Tutoria
-------------------------------------------------------------------------------
