Content-Type: text/plain; charset="utf-8"
MIME-Version: 1.0
Content-Transfer-Encoding: 7bit
Subject: A session is cancelled
From: admin@tutoria.com
To: sywong54@hku.hk
Date: Sun, 19 Nov 2017 04:52:15 -0000
Message-ID: <20171119045215.14692.25651@FishYing>

Dear Third Tutor,
A session from 19:00:00 to 20:00:00 is cancelled. Go to Tutoria Homapage to check it out.
-------------------------------------------------------------------------------
Content-Type: text/plain; charset="utf-8"
MIME-Version: 1.0
Content-Transfer-Encoding: 7bit
Subject: A session is cancelled
From: admin@tutoria.com
To: sywong54@hku.hk
Date: Sun, 19 Nov 2017 04:52:15 -0000
Message-ID: <20171119045215.14692.42510@FishYing>

Dear First Student,
A session from 19:00:00 to 20:00:00 is cancelled. Go to Tutoria Homapage to check it out.
-------------------------------------------------------------------------------
