Content-Type: text/plain; charset="utf-8"
MIME-Version: 1.0
Content-Transfer-Encoding: 7bit
Subject: A session is cancelled
From: vincent031052@gmail.com
To: sywong54@hku.hk
Date: Mon, 13 Nov 2017 15:15:07 -0000
Message-ID: <20171113151507.7800.41910@FishYing>

Dear First Tutor,
A session from 17:30:00 to 18:00:00 is cancelled. Go to Tutoria Homapage to check it out.
-------------------------------------------------------------------------------
Content-Type: text/plain; charset="utf-8"
MIME-Version: 1.0
Content-Transfer-Encoding: 7bit
Subject: A session is cancelled
From: vincent031052@gmail.com
To: sywong54@hku.hk
Date: Mon, 13 Nov 2017 15:15:07 -0000
Message-ID: <20171113151507.7800.55819@FishYing>

Dear First Student,
A session from 17:30:00 to 18:00:00 is cancelled. Go to Tutoria Homapage to check it out.
-------------------------------------------------------------------------------
